#
# A fatal error has been detected by the Java Runtime Environment:
#
#  Internal Error (javaClasses.cpp:136), pid=9548, tid=7084
#  fatal error: Invalid layout of preloaded class
#
# JRE version:  (7.0_51-b13) (build )
# Java VM: Java HotSpot(TM) Client VM (24.51-b03 mixed mode windows-x86 )
# Failed to write core dump. Minidumps are not enabled by default on client versions of Windows
#
# If you would like to submit a bug report, please visit:
#   http://bugreport.sun.com/bugreport/crash.jsp
#

---------------  T H R E A D  ---------------

Current thread (0x0102c000):  JavaThread "Unknown thread" [_thread_in_vm, id=7084, stack(0x01170000,0x011c0000)]

Stack: [0x01170000,0x011c0000],  sp=0x011bf8bc,  free space=318k
Native frames: (J=compiled Java code, j=interpreted, Vv=VM code, C=native code)
V  [jvm.dll+0x18e0f1]
V  [jvm.dll+0x187e66]
V  [jvm.dll+0x3586a]
V  [jvm.dll+0x358f6]
V  [jvm.dll+0x4400d]
V  [jvm.dll+0x442be]
V  [jvm.dll+0x9263a]
V  [jvm.dll+0x929eb]
V  [jvm.dll+0x13dc51]
V  [jvm.dll+0x16076c]
V  [jvm.dll+0xc8ebf]
C  [javaw.exe+0x13ce]
C  [javaw.exe+0x1e40]
C  [javaw.exe+0xa5b1]
C  [javaw.exe+0xa63b]
C  [KERNEL32.DLL+0x1495d]
C  [ntdll.dll+0x498ee]
C  [ntdll.dll+0x498c4]


---------------  P R O C E S S  ---------------

Java Threads: ( => current thread )

Other Threads:

=>0x0102c000 (exited) JavaThread "Unknown thread" [_thread_in_vm, id=7084, stack(0x01170000,0x011c0000)]

VM state:not at safepoint (not fully initialized)

VM Mutex/Monitor currently owned by a thread: None

GC Heap History (0 events):
No events

Deoptimization events (0 events):
No events

Internal exceptions (0 events):
No events

Events (10 events):
Event: 0.011 loading class 0x02a9a630
Event: 0.012 loading class 0x02a9a630 done
Event: 0.012 loading class 0x02a9a670
Event: 0.012 loading class 0x02a9abe0
Event: 0.012 loading class 0x02a9abe0 done
Event: 0.012 loading class 0x02aa07a8
Event: 0.012 loading class 0x02aa07a8 done
Event: 0.012 loading class 0x02a9a670 done
Event: 0.012 loading class 0x02a9a650
Event: 0.012 loading class 0x02a9a650 done


Dynamic libraries:
0x01330000 - 0x0135f000 	C:\Program Files (x86)\Java\jre7\bin\javaw.exe
0x77280000 - 0x773e8000 	C:\WINDOWS\SYSTEM32\ntdll.dll
0x756b0000 - 0x757f0000 	C:\WINDOWS\SYSTEM32\KERNEL32.DLL
0x752a0000 - 0x7536f000 	C:\WINDOWS\SYSTEM32\KERNELBASE.dll
0x72ea0000 - 0x72f3a000 	C:\WINDOWS\system32\apphelp.dll
0x5d920000 - 0x5db73000 	C:\WINDOWS\AppPatch\AcGenral.DLL
0x77010000 - 0x770ce000 	C:\WINDOWS\SYSTEM32\msvcrt.dll
0x74d20000 - 0x74d5e000 	C:\WINDOWS\SYSTEM32\sechost.dll
0x74cb0000 - 0x74ccd000 	C:\WINDOWS\SYSTEM32\SspiCli.dll
0x74cd0000 - 0x74d11000 	C:\WINDOWS\SYSTEM32\SHLWAPI.dll
0x72b00000 - 0x72bdc000 	C:\WINDOWS\SYSTEM32\UxTheme.dll
0x757f0000 - 0x7593f000 	C:\WINDOWS\SYSTEM32\USER32.dll
0x753b0000 - 0x754b8000 	C:\WINDOWS\SYSTEM32\GDI32.dll
0x73b10000 - 0x73b30000 	C:\WINDOWS\SYSTEM32\WINMM.dll
0x6be90000 - 0x6bea2000 	C:\WINDOWS\SYSTEM32\samcli.dll
0x75aa0000 - 0x75bab000 	C:\WINDOWS\SYSTEM32\ole32.dll
0x755a0000 - 0x75627000 	C:\WINDOWS\SYSTEM32\OLEAUT32.dll
0x6b530000 - 0x6b545000 	C:\WINDOWS\SYSTEM32\MSACM32.dll
0x74980000 - 0x74988000 	C:\WINDOWS\SYSTEM32\VERSION.dll
0x75bc0000 - 0x76d63000 	C:\WINDOWS\SYSTEM32\SHELL32.dll
0x74610000 - 0x74629000 	C:\WINDOWS\SYSTEM32\USERENV.dll
0x73d00000 - 0x73d19000 	C:\WINDOWS\SYSTEM32\dwmapi.dll
0x6bb10000 - 0x6bc35000 	C:\WINDOWS\SYSTEM32\urlmon.dll
0x75630000 - 0x756a7000 	C:\WINDOWS\SYSTEM32\ADVAPI32.dll
0x73ba0000 - 0x73bfe000 	C:\WINDOWS\SYSTEM32\WINSPOOL.DRV
0x74a00000 - 0x74a14000 	C:\WINDOWS\SYSTEM32\MPR.dll
0x770e0000 - 0x77191000 	C:\WINDOWS\SYSTEM32\RPCRT4.dll
0x74ca0000 - 0x74ca9000 	C:\WINDOWS\SYSTEM32\CRYPTBASE.dll
0x75940000 - 0x75a8e000 	C:\WINDOWS\SYSTEM32\combase.dll
0x738f0000 - 0x73910000 	C:\WINDOWS\SYSTEM32\WINMMBASE.dll
0x74050000 - 0x7405e000 	C:\WINDOWS\SYSTEM32\profapi.dll
0x6c3d0000 - 0x6c5e5000 	C:\WINDOWS\SYSTEM32\iertutil.dll
0x6c7f0000 - 0x6c9b4000 	C:\WINDOWS\SYSTEM32\WININET.dll
0x74c40000 - 0x74c91000 	C:\WINDOWS\SYSTEM32\bcryptPrimitives.dll
0x754c0000 - 0x754fa000 	C:\WINDOWS\SYSTEM32\cfgmgr32.dll
0x738d0000 - 0x738ef000 	C:\WINDOWS\SYSTEM32\DEVOBJ.dll
0x74780000 - 0x747f7000 	C:\WINDOWS\SYSTEM32\SHCORE.DLL
0x76ee0000 - 0x76f05000 	C:\WINDOWS\system32\IMM32.DLL
0x75120000 - 0x75217000 	C:\WINDOWS\SYSTEM32\MSCTF.dll
0x72be0000 - 0x72dc5000 	C:\WINDOWS\WinSxS\x86_microsoft.windows.common-controls_6595b64144ccf1df_6.0.9600.16384_none_a9f4965301334e09\COMCTL32.dll
0x60b00000 - 0x60bbf000 	C:\Program Files (x86)\Java\jre7\bin\msvcr100.dll
0x5c5c0000 - 0x5c940000 	C:\Program Files (x86)\Java\jre7\bin\client\jvm.dll
0x73b30000 - 0x73b38000 	C:\WINDOWS\SYSTEM32\WSOCK32.dll
0x75bb0000 - 0x75bb6000 	C:\WINDOWS\SYSTEM32\PSAPI.DLL
0x75550000 - 0x7559d000 	C:\WINDOWS\SYSTEM32\WS2_32.dll
0x77000000 - 0x77007000 	C:\WINDOWS\SYSTEM32\NSI.dll
0x67fa0000 - 0x67fac000 	C:\Program Files (x86)\Java\jre7\bin\verify.dll
0x67a00000 - 0x67a20000 	C:\Program Files (x86)\Java\jre7\bin\java.dll
0x630d0000 - 0x630e3000 	C:\Program Files (x86)\Java\jre7\bin\zip.dll
0x70df0000 - 0x70f38000 	C:\WINDOWS\SYSTEM32\dbghelp.dll

VM Arguments:
jvm_args: -Dfile.encoding=Cp1252 -Xbootclasspath:C:\Program Files (x86)\leJOS NXJ\lib\nxt\classes.jar 
java_command: wk2o2.Opdracht2Main
Launcher Type: SUN_STANDARD

Environment Variables:
PATH=C:/Program Files (x86)/Java/jre7/bin/client;C:/Program Files (x86)/Java/jre7/bin;C:/Program Files (x86)/Java/jre7/lib/i386;C:\Program Files (x86)\NVIDIA Corporation\PhysX\Common;C:\Program Files (x86)\Intel\iCLS Client\;C:\Program Files\Intel\iCLS Client\;C:\WINDOWS\system32;C:\WINDOWS;C:\WINDOWS\System32\Wbem;C:\WINDOWS\System32\WindowsPowerShell\v1.0\;C:\Program Files (x86)\Windows Live\Shared;C:\Program Files\Intel\Intel(R) Management Engine Components\DAL;C:\Program Files\Intel\Intel(R) Management Engine Components\IPT;C:\Program Files (x86)\Intel\Intel(R) Management Engine Components\DAL;C:\Program Files (x86)\Intel\Intel(R) Management Engine Components\IPT;C:\Program Files (x86)\Intel\OpenCL SDK\3.0\bin\x86;C:\Program Files (x86)\Intel\OpenCL SDK\3.0\bin\x64;C:\Program Files\doxygen\bin;C:\Program Files (x86)\IVI Foundation\VISA\WinNT\Bin;C:\Program Files (x86)\leJOS NXJ\bin;;C:\HBO\leGo\eclipse;
USERNAME=Gebruiker
OS=Windows_NT
PROCESSOR_IDENTIFIER=Intel64 Family 6 Model 60 Stepping 3, GenuineIntel



---------------  S Y S T E M  ---------------

OS: Windows 8 , 64 bit Build 9200 

CPU:total 8 (4 cores per cpu, 2 threads per core) family 6 model 60 stepping 3, cmov, cx8, fxsr, mmx, sse, sse2, sse3, ssse3, sse4.1, sse4.2, popcnt, avx, avx2, aes, erms, ht, tsc, tscinvbit

Memory: 4k page, physical 8306336k(1725468k free), swap 18267808k(5065544k free)

vm_info: Java HotSpot(TM) Client VM (24.51-b03) for windows-x86 JRE (1.7.0_51-b13), built on Dec 18 2013 19:09:58 by "java_re" with unknown MS VC++:1600

time: Tue Feb 11 14:55:20 2014
elapsed time: 0 seconds

