#
# A fatal error has been detected by the Java Runtime Environment:
#
#  Internal Error (javaClasses.cpp:136), pid=9772, tid=9648
#  fatal error: Invalid layout of preloaded class
#
# JRE version:  (7.0_51-b13) (build )
# Java VM: Java HotSpot(TM) Client VM (24.51-b03 mixed mode windows-x86 )
# Failed to write core dump. Minidumps are not enabled by default on client versions of Windows
#
# If you would like to submit a bug report, please visit:
#   http://bugreport.sun.com/bugreport/crash.jsp
#

---------------  T H R E A D  ---------------

Current thread (0x0044bc00):  JavaThread "Unknown thread" [_thread_in_vm, id=9648, stack(0x00880000,0x008d0000)]

Stack: [0x00880000,0x008d0000],  sp=0x008cf9cc,  free space=318k
Native frames: (J=compiled Java code, j=interpreted, Vv=VM code, C=native code)
V  [jvm.dll+0x18e0f1]
V  [jvm.dll+0x187e66]
V  [jvm.dll+0x3586a]
V  [jvm.dll+0x358f6]
V  [jvm.dll+0x4400d]
V  [jvm.dll+0x442be]
V  [jvm.dll+0x9263a]
V  [jvm.dll+0x929eb]
V  [jvm.dll+0x13dc51]
V  [jvm.dll+0x16076c]
V  [jvm.dll+0xc8ebf]
C  [javaw.exe+0x13ce]
C  [javaw.exe+0x1e40]
C  [javaw.exe+0xa5b1]
C  [javaw.exe+0xa63b]
C  [KERNEL32.DLL+0x1495d]
C  [ntdll.dll+0x498ee]
C  [ntdll.dll+0x498c4]


---------------  P R O C E S S  ---------------

Java Threads: ( => current thread )

Other Threads:

=>0x0044bc00 (exited) JavaThread "Unknown thread" [_thread_in_vm, id=9648, stack(0x00880000,0x008d0000)]

VM state:not at safepoint (not fully initialized)

VM Mutex/Monitor currently owned by a thread: None

GC Heap History (0 events):
No events

Deoptimization events (0 events):
No events

Internal exceptions (0 events):
No events

Events (10 events):
Event: 0.008 loading class 0x008fa698
Event: 0.009 loading class 0x008fa698 done
Event: 0.009 loading class 0x008fa6d8
Event: 0.009 loading class 0x008fac48
Event: 0.009 loading class 0x008fac48 done
Event: 0.009 loading class 0x00900810
Event: 0.009 loading class 0x00900810 done
Event: 0.009 loading class 0x008fa6d8 done
Event: 0.009 loading class 0x008fa6b8
Event: 0.009 loading class 0x008fa6b8 done


Dynamic libraries:
0x01140000 - 0x0116f000 	C:\Program Files (x86)\Java\jre7\bin\javaw.exe
0x77980000 - 0x77ae8000 	C:\WINDOWS\SYSTEM32\ntdll.dll
0x771b0000 - 0x772f0000 	C:\WINDOWS\SYSTEM32\KERNEL32.DLL
0x77730000 - 0x777ff000 	C:\WINDOWS\SYSTEM32\KERNELBASE.dll
0x6d4e0000 - 0x6d57a000 	C:\WINDOWS\system32\apphelp.dll
0x68ce0000 - 0x68f32000 	C:\WINDOWS\AppPatch\AcGenral.DLL
0x770a0000 - 0x7715e000 	C:\WINDOWS\SYSTEM32\msvcrt.dll
0x776f0000 - 0x7772e000 	C:\WINDOWS\SYSTEM32\sechost.dll
0x753b0000 - 0x753cd000 	C:\WINDOWS\SYSTEM32\SspiCli.dll
0x77690000 - 0x776d1000 	C:\WINDOWS\SYSTEM32\SHLWAPI.dll
0x73670000 - 0x7374c000 	C:\WINDOWS\SYSTEM32\UxTheme.dll
0x76d90000 - 0x76edf000 	C:\WINDOWS\SYSTEM32\USER32.dll
0x75420000 - 0x75528000 	C:\WINDOWS\SYSTEM32\GDI32.dll
0x741d0000 - 0x741f0000 	C:\WINDOWS\SYSTEM32\WINMM.dll
0x741b0000 - 0x741c2000 	C:\WINDOWS\SYSTEM32\samcli.dll
0x75930000 - 0x75a3b000 	C:\WINDOWS\SYSTEM32\ole32.dll
0x75530000 - 0x755b7000 	C:\WINDOWS\SYSTEM32\OLEAUT32.dll
0x73750000 - 0x73765000 	C:\WINDOWS\SYSTEM32\MSACM32.dll
0x74aa0000 - 0x74aa8000 	C:\WINDOWS\SYSTEM32\VERSION.dll
0x75ac0000 - 0x76c63000 	C:\WINDOWS\SYSTEM32\SHELL32.dll
0x74170000 - 0x74189000 	C:\WINDOWS\SYSTEM32\USERENV.dll
0x6f780000 - 0x6f799000 	C:\WINDOWS\SYSTEM32\dwmapi.dll
0x73520000 - 0x73644000 	C:\WINDOWS\SYSTEM32\urlmon.dll
0x77800000 - 0x77877000 	C:\WINDOWS\SYSTEM32\ADVAPI32.dll
0x734c0000 - 0x7351e000 	C:\WINDOWS\SYSTEM32\WINSPOOL.DRV
0x734a0000 - 0x734b4000 	C:\WINDOWS\SYSTEM32\MPR.dll
0x76ee0000 - 0x76f91000 	C:\WINDOWS\SYSTEM32\RPCRT4.dll
0x753a0000 - 0x753a9000 	C:\WINDOWS\SYSTEM32\CRYPTBASE.dll
0x75660000 - 0x757ae000 	C:\WINDOWS\SYSTEM32\combase.dll
0x73480000 - 0x734a0000 	C:\WINDOWS\SYSTEM32\WINMMBASE.dll
0x740f0000 - 0x740fe000 	C:\WINDOWS\SYSTEM32\profapi.dll
0x73260000 - 0x73477000 	C:\WINDOWS\SYSTEM32\iertutil.dll
0x73090000 - 0x73254000 	C:\WINDOWS\SYSTEM32\WININET.dll
0x75340000 - 0x75391000 	C:\WINDOWS\SYSTEM32\bcryptPrimitives.dll
0x76d50000 - 0x76d8a000 	C:\WINDOWS\SYSTEM32\cfgmgr32.dll
0x73070000 - 0x7308f000 	C:\WINDOWS\SYSTEM32\DEVOBJ.dll
0x74790000 - 0x74807000 	C:\WINDOWS\SYSTEM32\SHCORE.DLL
0x76d20000 - 0x76d45000 	C:\WINDOWS\system32\IMM32.DLL
0x76fa0000 - 0x77097000 	C:\WINDOWS\SYSTEM32\MSCTF.dll
0x6e240000 - 0x6e425000 	C:\WINDOWS\WinSxS\x86_microsoft.windows.common-controls_6595b64144ccf1df_6.0.9600.16384_none_a9f4965301334e09\COMCTL32.dll
0x5d6e0000 - 0x5d79f000 	C:\Program Files (x86)\Java\jre7\bin\msvcr100.dll
0x6c6e0000 - 0x6ca60000 	C:\Program Files (x86)\Java\jre7\bin\client\jvm.dll
0x72c80000 - 0x72c88000 	C:\WINDOWS\SYSTEM32\WSOCK32.dll
0x778a0000 - 0x778a6000 	C:\WINDOWS\SYSTEM32\PSAPI.DLL
0x77160000 - 0x771ad000 	C:\WINDOWS\SYSTEM32\WS2_32.dll
0x776e0000 - 0x776e7000 	C:\WINDOWS\SYSTEM32\NSI.dll
0x6f930000 - 0x6f93c000 	C:\Program Files (x86)\Java\jre7\bin\verify.dll
0x6f5a0000 - 0x6f5c0000 	C:\Program Files (x86)\Java\jre7\bin\java.dll
0x6f460000 - 0x6f473000 	C:\Program Files (x86)\Java\jre7\bin\zip.dll
0x744c0000 - 0x74608000 	C:\WINDOWS\SYSTEM32\dbghelp.dll

VM Arguments:
jvm_args: -Dfile.encoding=Cp1252 -Xbootclasspath:D:\Program Files (x86)\leJOS NXJ\lib\nxt\classes.jar 
java_command: Main
Launcher Type: SUN_STANDARD

Environment Variables:
PATH=C:/Program Files (x86)/Java/jre7/bin/client;C:/Program Files (x86)/Java/jre7/bin;C:/Program Files (x86)/Java/jre7/lib/i386;C:\Program Files (x86)\PC Connectivity Solution\;C:\Program Files (x86)\NVIDIA Corporation\PhysX\Common;C:\Program Files (x86)\Intel\iCLS Client\;C:\Program Files\Intel\iCLS Client\;C:\WINDOWS\system32;C:\WINDOWS;C:\WINDOWS\System32\Wbem;C:\WINDOWS\System32\WindowsPowerShell\v1.0\;C:\Program Files (x86)\Intel\OpenCL SDK\3.0\bin\x86;C:\Program Files (x86)\Intel\OpenCL SDK\3.0\bin\x64;C:\Program Files\Intel\Intel(R) Management Engine Components\DAL;C:\Program Files\Intel\Intel(R) Management Engine Components\IPT;C:\Program Files (x86)\Intel\Intel(R) Management Engine Components\DAL;C:\Program Files (x86)\Intel\Intel(R) Management Engine Components\IPT;D:\Program Files\MySQL\MySQL Utilities 1.3.4\;C:\Program Files (x86)\IVI Foundation\VISA\WinNT\Bin;D:\Program Files (x86)\leJOS NXJ\bin;D:\Robert\Downloads\Remix music\eclipse\eclipse;
USERNAME=Robert
OS=Windows_NT
PROCESSOR_IDENTIFIER=Intel64 Family 6 Model 60 Stepping 3, GenuineIntel



---------------  S Y S T E M  ---------------

OS: Windows 8 , 64 bit Build 9200 

CPU:total 8 (4 cores per cpu, 2 threads per core) family 6 model 60 stepping 3, cmov, cx8, fxsr, mmx, sse, sse2, sse3, ssse3, sse4.1, sse4.2, popcnt, avx, avx2, aes, erms, ht, tsc, tscinvbit

Memory: 4k page, physical 16425240k(9924860k free), swap 33202456k(25966024k free)

vm_info: Java HotSpot(TM) Client VM (24.51-b03) for windows-x86 JRE (1.7.0_51-b13), built on Dec 18 2013 19:09:58 by "java_re" with unknown MS VC++:1600

time: Tue Feb 25 12:09:36 2014
elapsed time: 0 seconds

